# JRE version: OpenJDK Runtime Environment (24.0.2+12) (build 24.0.2+12-54)
# Java VM: OpenJDK 64-Bit Server VM (24.0.2+12-54, mixed mode, emulated-client, sharing, tiered, compressed oops, compressed class ptrs, g1 gc, windows-amd64)
GC Precious Log:
 CardTable entry size: 512
 Card Set container configuration: InlinePtr #cards 4 size 8 Array Of Cards #cards 16 size 48 Howl #buckets 8 coarsen threshold 3686 Howl Bitmap #cards 512 size 80 coarsen threshold 460 Card regions per heap region 1 cards per card region 4096
 CPUs: 4 total, 4 available
 Memory: 12153M
 Large Page Support: Disabled
 NUMA Support: Disabled
 Compressed Oops: Enabled (Zero based)
 Heap Region Size: 2M
 Heap Min Capacity: 8M
 Heap Initial Capacity: 190M
 Heap Max Capacity: 3040M
 Pre-touch: Disabled
 Parallel Workers: 4
 Concurrent Workers: 1
 Concurrent Refinement Workers: 4
 Periodic GC: Disabled
Heap:
 garbage-first heap   total reserved 3112960K, committed 133120K, used 87881K [0x0000000742000000, 0x0000000800000000)
  region size 2048K, 2 young (4096K), 2 survivors (4096K)
 Metaspace       used 93404K, committed 93952K, reserved 1179648K
  class space    used 10937K, committed 11136K, reserved 1048576K
GC Heap History (20 events):
Event: 13.527 GC heap after
{Heap after GC invocations=19 (full 0):
 garbage-first heap   total reserved 3112960K, committed 92160K, used 47435K [0x0000000742000000, 0x0000000800000000)
  region size 2048K, 3 young (6144K), 3 survivors (6144K)
 Metaspace       used 82128K, committed 82752K, reserved 1179648K
  class space    used 9182K, committed 9408K, reserved 1048576K
}
Event: 14.220 GC heap before
{Heap before GC invocations=19 (full 0):
 garbage-first heap   total reserved 3112960K, committed 92160K, used 78155K [0x0000000742000000, 0x0000000800000000)
  region size 2048K, 18 young (36864K), 3 survivors (6144K)
 Metaspace       used 85342K, committed 85888K, reserved 1179648K
  class space    used 9758K, committed 9984K, reserved 1048576K
}
Event: 14.231 GC heap after
{Heap after GC invocations=20 (full 0):
 garbage-first heap   total reserved 3112960K, committed 92160K, used 50716K [0x0000000742000000, 0x0000000800000000)
  region size 2048K, 3 young (6144K), 3 survivors (6144K)
 Metaspace       used 85342K, committed 85888K, reserved 1179648K
  class space    used 9758K, committed 9984K, reserved 1048576K
}
Event: 14.983 GC heap before
{Heap before GC invocations=21 (full 0):
 garbage-first heap   total reserved 3112960K, committed 92160K, used 77340K [0x0000000742000000, 0x0000000800000000)
  region size 2048K, 17 young (34816K), 3 survivors (6144K)
 Metaspace       used 91307K, committed 91904K, reserved 1179648K
  class space    used 10630K, committed 10880K, reserved 1048576K
}
Event: 14.991 GC heap after
{Heap after GC invocations=22 (full 0):
 garbage-first heap   total reserved 3112960K, committed 92160K, used 52636K [0x0000000742000000, 0x0000000800000000)
  region size 2048K, 3 young (6144K), 3 survivors (6144K)
 Metaspace       used 91307K, committed 91904K, reserved 1179648K
  class space    used 10630K, committed 10880K, reserved 1048576K
}
Event: 15.488 GC heap before
{Heap before GC invocations=22 (full 0):
 garbage-first heap   total reserved 3112960K, committed 92160K, used 75164K [0x0000000742000000, 0x0000000800000000)
  region size 2048K, 15 young (30720K), 3 survivors (6144K)
 Metaspace       used 93140K, committed 93696K, reserved 1179648K
  class space    used 10889K, committed 11136K, reserved 1048576K
}
Event: 15.499 GC heap after
{Heap after GC invocations=23 (full 0):
 garbage-first heap   total reserved 3112960K, committed 92160K, used 56818K [0x0000000742000000, 0x0000000800000000)
  region size 2048K, 2 young (4096K), 2 survivors (4096K)
 Metaspace       used 93140K, committed 93696K, reserved 1179648K
  class space    used 10889K, committed 11136K, reserved 1048576K
}
Event: 15.694 GC heap before
{Heap before GC invocations=23 (full 0):
 garbage-first heap   total reserved 3112960K, committed 92160K, used 81394K [0x0000000742000000, 0x0000000800000000)
  region size 2048K, 14 young (28672K), 2 survivors (4096K)
 Metaspace       used 93271K, committed 93824K, reserved 1179648K
  class space    used 10906K, committed 11136K, reserved 1048576K
}
Event: 15.701 GC heap after
{Heap after GC invocations=24 (full 0):
 garbage-first heap   total reserved 3112960K, committed 110592K, used 58514K [0x0000000742000000, 0x0000000800000000)
  region size 2048K, 1 young (2048K), 1 survivors (2048K)
 Metaspace       used 93271K, committed 93824K, reserved 1179648K
  class space    used 10906K, committed 11136K, reserved 1048576K
}
Event: 15.972 GC heap before
{Heap before GC invocations=25 (full 0):
 garbage-first heap   total reserved 3112960K, committed 110592K, used 99474K [0x0000000742000000, 0x0000000800000000)
  region size 2048K, 21 young (43008K), 1 survivors (2048K)
 Metaspace       used 93393K, committed 93952K, reserved 1179648K
  class space    used 10934K, committed 11136K, reserved 1048576K
}
Event: 15.979 GC heap after
{Heap after GC invocations=26 (full 0):
 garbage-first heap   total reserved 3112960K, committed 110592K, used 62777K [0x0000000742000000, 0x0000000800000000)
  region size 2048K, 3 young (6144K), 3 survivors (6144K)
 Metaspace       used 93393K, committed 93952K, reserved 1179648K
  class space    used 10934K, committed 11136K, reserved 1048576K
}
Event: 16.104 GC heap before
{Heap before GC invocations=26 (full 0):
 garbage-first heap   total reserved 3112960K, committed 110592K, used 95545K [0x0000000742000000, 0x0000000800000000)
  region size 2048K, 19 young (38912K), 3 survivors (6144K)
 Metaspace       used 93397K, committed 93952K, reserved 1179648K
  class space    used 10935K, committed 11136K, reserved 1048576K
}
Event: 16.113 GC heap after
{Heap after GC invocations=27 (full 0):
 garbage-first heap   total reserved 3112960K, committed 110592K, used 62232K [0x0000000742000000, 0x0000000800000000)
  region size 2048K, 2 young (4096K), 2 survivors (4096K)
 Metaspace       used 93397K, committed 93952K, reserved 1179648K
  class space    used 10935K, committed 11136K, reserved 1048576K
}
Event: 16.251 GC heap before
{Heap before GC invocations=27 (full 0):
 garbage-first heap   total reserved 3112960K, committed 110592K, used 97048K [0x0000000742000000, 0x0000000800000000)
  region size 2048K, 19 young (38912K), 2 survivors (4096K)
 Metaspace       used 93397K, committed 93952K, reserved 1179648K
  class space    used 10935K, committed 11136K, reserved 1048576K
}
Event: 16.268 GC heap after
{Heap after GC invocations=28 (full 0):
 garbage-first heap   total reserved 3112960K, committed 112640K, used 73542K [0x0000000742000000, 0x0000000800000000)
  region size 2048K, 3 young (6144K), 3 survivors (6144K)
 Metaspace       used 93397K, committed 93952K, reserved 1179648K
  class space    used 10935K, committed 11136K, reserved 1048576K
}
Event: 16.396 GC heap before
{Heap before GC invocations=28 (full 0):
 garbage-first heap   total reserved 3112960K, committed 112640K, used 98118K [0x0000000742000000, 0x0000000800000000)
  region size 2048K, 15 young (30720K), 3 survivors (6144K)
 Metaspace       used 93398K, committed 93952K, reserved 1179648K
  class space    used 10935K, committed 11136K, reserved 1048576K
}
Event: 16.411 GC heap after
{Heap after GC invocations=29 (full 0):
 garbage-first heap   total reserved 3112960K, committed 112640K, used 78522K [0x0000000742000000, 0x0000000800000000)
  region size 2048K, 2 young (4096K), 2 survivors (4096K)
 Metaspace       used 93398K, committed 93952K, reserved 1179648K
  class space    used 10935K, committed 11136K, reserved 1048576K
}
Event: 16.524 GC heap before
{Heap before GC invocations=30 (full 0):
 garbage-first heap   total reserved 3112960K, committed 133120K, used 99002K [0x0000000742000000, 0x0000000800000000)
  region size 2048K, 12 young (24576K), 2 survivors (4096K)
 Metaspace       used 93398K, committed 93952K, reserved 1179648K
  class space    used 10935K, committed 11136K, reserved 1048576K
}
Event: 16.536 GC heap after
{Heap after GC invocations=31 (full 0):
 garbage-first heap   total reserved 3112960K, committed 133120K, used 83875K [0x0000000742000000, 0x0000000800000000)
  region size 2048K, 2 young (4096K), 2 survivors (4096K)
 Metaspace       used 93398K, committed 93952K, reserved 1179648K
  class space    used 10935K, committed 11136K, reserved 1048576K
}
Event: 16.645 GC heap before
{Heap before GC invocations=31 (full 0):
 garbage-first heap   total reserved 3112960K, committed 133120K, used 114595K [0x0000000742000000, 0x0000000800000000)
  region size 2048K, 17 young (34816K), 2 survivors (4096K)
 Metaspace       used 93404K, committed 93952K, reserved 1179648K
  class space    used 10937K, committed 11136K, reserved 1048576K
}

