# JRE version: OpenJDK Runtime Environment (24.0.2+12) (build 24.0.2+12-54)
# Java VM: OpenJDK 64-Bit Server VM (24.0.2+12-54, mixed mode, emulated-client, sharing, tiered, compressed oops, compressed class ptrs, g1 gc, windows-amd64)
GC Precious Log:
 CardTable entry size: 512
 Card Set container configuration: InlinePtr #cards 4 size 8 Array Of Cards #cards 16 size 48 Howl #buckets 8 coarsen threshold 3686 Howl Bitmap #cards 512 size 80 coarsen threshold 460 Card regions per heap region 1 cards per card region 4096
 CPUs: 4 total, 4 available
 Memory: 12153M
 Large Page Support: Disabled
 NUMA Support: Disabled
 Compressed Oops: Enabled (Zero based)
 Heap Region Size: 2M
 Heap Min Capacity: 8M
 Heap Initial Capacity: 190M
 Heap Max Capacity: 3040M
 Pre-touch: Disabled
 Parallel Workers: 4
 Concurrent Workers: 1
 Concurrent Refinement Workers: 4
 Periodic GC: Disabled
Heap:
 garbage-first heap   total reserved 3112960K, committed 98304K, used 69391K [0x0000000742000000, 0x0000000800000000)
  region size 2048K, 2 young (4096K), 2 survivors (4096K)
 Metaspace       used 93715K, committed 94272K, reserved 1179648K
  class space    used 10956K, committed 11200K, reserved 1048576K
GC Heap History (20 events):
Event: 22.510 GC heap after
{Heap after GC invocations=16 (full 0):
 garbage-first heap   total reserved 3112960K, committed 75776K, used 43691K [0x0000000742000000, 0x0000000800000000)
  region size 2048K, 2 young (4096K), 2 survivors (4096K)
 Metaspace       used 68803K, committed 69376K, reserved 1114112K
  class space    used 7617K, committed 7872K, reserved 1048576K
}
Event: 23.343 GC heap before
{Heap before GC invocations=17 (full 0):
 garbage-first heap   total reserved 3112960K, committed 79872K, used 62123K [0x0000000742000000, 0x0000000800000000)
  region size 2048K, 11 young (22528K), 2 survivors (4096K)
 Metaspace       used 71669K, committed 72256K, reserved 1114112K
  class space    used 8061K, committed 8320K, reserved 1048576K
}
Event: 23.351 GC heap after
{Heap after GC invocations=18 (full 0):
 garbage-first heap   total reserved 3112960K, committed 79872K, used 44585K [0x0000000742000000, 0x0000000800000000)
  region size 2048K, 1 young (2048K), 1 survivors (2048K)
 Metaspace       used 71669K, committed 72256K, reserved 1114112K
  class space    used 8061K, committed 8320K, reserved 1048576K
}
Event: 24.445 GC heap before
{Heap before GC invocations=18 (full 0):
 garbage-first heap   total reserved 3112960K, committed 79872K, used 71209K [0x0000000742000000, 0x0000000800000000)
  region size 2048K, 14 young (28672K), 1 survivors (2048K)
 Metaspace       used 75678K, committed 76288K, reserved 1179648K
  class space    used 8560K, committed 8832K, reserved 1048576K
}
Event: 24.455 GC heap after
{Heap after GC invocations=19 (full 0):
 garbage-first heap   total reserved 3112960K, committed 79872K, used 45572K [0x0000000742000000, 0x0000000800000000)
  region size 2048K, 2 young (4096K), 2 survivors (4096K)
 Metaspace       used 75678K, committed 76288K, reserved 1179648K
  class space    used 8560K, committed 8832K, reserved 1048576K
}
Event: 25.749 GC heap before
{Heap before GC invocations=19 (full 0):
 garbage-first heap   total reserved 3112960K, committed 79872K, used 66052K [0x0000000742000000, 0x0000000800000000)
  region size 2048K, 13 young (26624K), 2 survivors (4096K)
 Metaspace       used 80523K, committed 81152K, reserved 1179648K
  class space    used 9022K, committed 9280K, reserved 1048576K
}
Event: 25.757 GC heap after
{Heap after GC invocations=20 (full 0):
 garbage-first heap   total reserved 3112960K, committed 79872K, used 47606K [0x0000000742000000, 0x0000000800000000)
  region size 2048K, 2 young (4096K), 2 survivors (4096K)
 Metaspace       used 80523K, committed 81152K, reserved 1179648K
  class space    used 9022K, committed 9280K, reserved 1048576K
}
Event: 26.554 GC heap before
{Heap before GC invocations=21 (full 0):
 garbage-first heap   total reserved 3112960K, committed 81920K, used 70134K [0x0000000742000000, 0x0000000800000000)
  region size 2048K, 13 young (26624K), 2 survivors (4096K)
 Metaspace       used 83190K, committed 83840K, reserved 1179648K
  class space    used 9297K, committed 9600K, reserved 1048576K
}
Event: 26.562 GC heap after
{Heap after GC invocations=22 (full 0):
 garbage-first heap   total reserved 3112960K, committed 81920K, used 49803K [0x0000000742000000, 0x0000000800000000)
  region size 2048K, 2 young (4096K), 2 survivors (4096K)
 Metaspace       used 83190K, committed 83840K, reserved 1179648K
  class space    used 9297K, committed 9600K, reserved 1048576K
}
Event: 27.151 GC heap before
{Heap before GC invocations=22 (full 0):
 garbage-first heap   total reserved 3112960K, committed 81920K, used 70283K [0x0000000742000000, 0x0000000800000000)
  region size 2048K, 13 young (26624K), 2 survivors (4096K)
 Metaspace       used 85500K, committed 86144K, reserved 1179648K
  class space    used 9779K, committed 10048K, reserved 1048576K
}
Event: 27.161 GC heap after
{Heap after GC invocations=23 (full 0):
 garbage-first heap   total reserved 3112960K, committed 98304K, used 51315K [0x0000000742000000, 0x0000000800000000)
  region size 2048K, 1 young (2048K), 1 survivors (2048K)
 Metaspace       used 85500K, committed 86144K, reserved 1179648K
  class space    used 9779K, committed 10048K, reserved 1048576K
}
Event: 27.996 GC heap before
{Heap before GC invocations=23 (full 0):
 garbage-first heap   total reserved 3112960K, committed 98304K, used 86131K [0x0000000742000000, 0x0000000800000000)
  region size 2048K, 19 young (38912K), 1 survivors (2048K)
 Metaspace       used 91971K, committed 92544K, reserved 1179648K
  class space    used 10686K, committed 10944K, reserved 1048576K
}
Event: 28.002 GC heap after
{Heap after GC invocations=24 (full 0):
 garbage-first heap   total reserved 3112960K, committed 98304K, used 57219K [0x0000000742000000, 0x0000000800000000)
  region size 2048K, 3 young (6144K), 3 survivors (6144K)
 Metaspace       used 91971K, committed 92544K, reserved 1179648K
  class space    used 10686K, committed 10944K, reserved 1048576K
}
Event: 28.645 GC heap before
{Heap before GC invocations=25 (full 0):
 garbage-first heap   total reserved 3112960K, committed 98304K, used 85891K [0x0000000742000000, 0x0000000800000000)
  region size 2048K, 17 young (34816K), 3 survivors (6144K)
 Metaspace       used 93545K, committed 94144K, reserved 1179648K
  class space    used 10921K, committed 11200K, reserved 1048576K
}
Event: 28.653 GC heap after
{Heap after GC invocations=26 (full 0):
 garbage-first heap   total reserved 3112960K, committed 98304K, used 59098K [0x0000000742000000, 0x0000000800000000)
  region size 2048K, 2 young (4096K), 2 survivors (4096K)
 Metaspace       used 93545K, committed 94144K, reserved 1179648K
  class space    used 10921K, committed 11200K, reserved 1048576K
}
Event: 28.731 GC heap before
{Heap before GC invocations=26 (full 0):
 garbage-first heap   total reserved 3112960K, committed 98304K, used 85722K [0x0000000742000000, 0x0000000800000000)
  region size 2048K, 15 young (30720K), 2 survivors (4096K)
 Metaspace       used 93555K, committed 94144K, reserved 1179648K
  class space    used 10923K, committed 11200K, reserved 1048576K
}
Event: 28.739 GC heap after
{Heap after GC invocations=27 (full 0):
 garbage-first heap   total reserved 3112960K, committed 98304K, used 59978K [0x0000000742000000, 0x0000000800000000)
  region size 2048K, 1 young (2048K), 1 survivors (2048K)
 Metaspace       used 93555K, committed 94144K, reserved 1179648K
  class space    used 10923K, committed 11200K, reserved 1048576K
}
Event: 28.906 GC heap before
{Heap before GC invocations=27 (full 0):
 garbage-first heap   total reserved 3112960K, committed 98304K, used 88650K [0x0000000742000000, 0x0000000800000000)
  region size 2048K, 15 young (30720K), 1 survivors (2048K)
 Metaspace       used 93711K, committed 94272K, reserved 1179648K
  class space    used 10956K, committed 11200K, reserved 1048576K
}
Event: 28.914 GC heap after
{Heap after GC invocations=28 (full 0):
 garbage-first heap   total reserved 3112960K, committed 98304K, used 65138K [0x0000000742000000, 0x0000000800000000)
  region size 2048K, 2 young (4096K), 2 survivors (4096K)
 Metaspace       used 93711K, committed 94272K, reserved 1179648K
  class space    used 10956K, committed 11200K, reserved 1048576K
}
Event: 29.004 GC heap before
{Heap before GC invocations=28 (full 0):
 garbage-first heap   total reserved 3112960K, committed 98304K, used 87666K [0x0000000742000000, 0x0000000800000000)
  region size 2048K, 13 young (26624K), 2 survivors (4096K)
 Metaspace       used 93715K, committed 94272K, reserved 1179648K
  class space    used 10956K, committed 11200K, reserved 1048576K
}

